<?xml version="1.0" encoding="UTF-8"?>
<testsuite xmlns:xsi="http://www.w3.org/2001/XMLSchema-instance" xsi:noNamespaceSchemaLocation="https://maven.apache.org/surefire/maven-surefire-plugin/xsd/surefire-test-report.xsd" version="3.0.1" name="com.tca.AppTest" time="0.148" tests="1" errors="0" skipped="0" failures="0">
  <properties>
    <property name="java.specification.version" value="17"/>
    <property name="sun.cpu.isalist" value="amd64"/>
    <property name="sun.jnu.encoding" value="Cp1252"/>
    <property name="java.class.path" value="D:\2025\HF-B03\HF-Codes\ASS-05-HIB-MYSQL-APP\target\test-classes;D:\2025\HF-B03\HF-Codes\ASS-05-HIB-MYSQL-APP\target\classes;C:\Users\Sahin Dhane\.m2\repository\org\hibernate\hibernate-core\3.5.6-Final\hibernate-core-3.5.6-Final.jar;C:\Users\Sahin Dhane\.m2\repository\antlr\antlr\2.7.6\antlr-2.7.6.jar;C:\Users\Sahin Dhane\.m2\repository\commons-collections\commons-collections\3.1\commons-collections-3.1.jar;C:\Users\Sahin Dhane\.m2\repository\dom4j\dom4j\1.6.1\dom4j-1.6.1.jar;C:\Users\Sahin Dhane\.m2\repository\xml-apis\xml-apis\1.0.b2\xml-apis-1.0.b2.jar;C:\Users\Sahin Dhane\.m2\repository\javax\transaction\jta\1.1\jta-1.1.jar;C:\Users\Sahin Dhane\.m2\repository\org\slf4j\slf4j-api\1.5.8\slf4j-api-1.5.8.jar;C:\Users\Sahin Dhane\.m2\repository\com\mysql\mysql-connector-j\8.0.33\mysql-connector-j-8.0.33.jar;C:\Users\Sahin Dhane\.m2\repository\com\google\protobuf\protobuf-java\3.21.9\protobuf-java-3.21.9.jar;C:\Users\Sahin Dhane\.m2\repository\javassist\javassist\3.12.1.GA\javassist-3.12.1.GA.jar;C:\Users\Sahin Dhane\.m2\repository\org\slf4j\slf4j-log4j12\1.5.2\slf4j-log4j12-1.5.2.jar;C:\Users\Sahin Dhane\.m2\repository\log4j\log4j\1.2.14\log4j-1.2.14.jar;C:\Users\Sahin Dhane\.m2\repository\org\junit\jupiter\junit-jupiter-api\5.11.0\junit-jupiter-api-5.11.0.jar;C:\Users\Sahin Dhane\.m2\repository\org\opentest4j\opentest4j\1.3.0\opentest4j-1.3.0.jar;C:\Users\Sahin Dhane\.m2\repository\org\junit\platform\junit-platform-commons\1.11.0\junit-platform-commons-1.11.0.jar;C:\Users\Sahin Dhane\.m2\repository\org\apiguardian\apiguardian-api\1.1.2\apiguardian-api-1.1.2.jar;C:\Users\Sahin Dhane\.m2\repository\org\junit\jupiter\junit-jupiter-params\5.11.0\junit-jupiter-params-5.11.0.jar;"/>
    <property name="java.vm.vendor" value="Oracle Corporation"/>
    <property name="sun.arch.data.model" value="64"/>
    <property name="user.variant" value=""/>
    <property name="java.vendor.url" value="https://java.oracle.com/"/>
    <property name="user.timezone" value="Asia/Calcutta"/>
    <property name="os.name" value="Windows 11"/>
    <property name="java.vm.specification.version" value="17"/>
    <property name="sun.java.launcher" value="SUN_STANDARD"/>
    <property name="user.country" value="IN"/>
    <property name="sun.boot.library.path" value="D:\2023\JDK17\jdk-17.0.8\bin"/>
    <property name="sun.java.command" value="C:\Users\Sahin Dhane\AppData\Local\Temp\surefire6534860289133148260\surefirebooter-20250813131851261_3.jar C:\Users\Sahin Dhane\AppData\Local\Temp\surefire6534860289133148260 2025-08-13T13-18-50_955-jvmRun1 surefire-20250813131851261_1tmp surefire_0-20250813131851261_2tmp"/>
    <property name="jdk.debug" value="release"/>
    <property name="surefire.test.class.path" value="D:\2025\HF-B03\HF-Codes\ASS-05-HIB-MYSQL-APP\target\test-classes;D:\2025\HF-B03\HF-Codes\ASS-05-HIB-MYSQL-APP\target\classes;C:\Users\Sahin Dhane\.m2\repository\org\hibernate\hibernate-core\3.5.6-Final\hibernate-core-3.5.6-Final.jar;C:\Users\Sahin Dhane\.m2\repository\antlr\antlr\2.7.6\antlr-2.7.6.jar;C:\Users\Sahin Dhane\.m2\repository\commons-collections\commons-collections\3.1\commons-collections-3.1.jar;C:\Users\Sahin Dhane\.m2\repository\dom4j\dom4j\1.6.1\dom4j-1.6.1.jar;C:\Users\Sahin Dhane\.m2\repository\xml-apis\xml-apis\1.0.b2\xml-apis-1.0.b2.jar;C:\Users\Sahin Dhane\.m2\repository\javax\transaction\jta\1.1\jta-1.1.jar;C:\Users\Sahin Dhane\.m2\repository\org\slf4j\slf4j-api\1.5.8\slf4j-api-1.5.8.jar;C:\Users\Sahin Dhane\.m2\repository\com\mysql\mysql-connector-j\8.0.33\mysql-connector-j-8.0.33.jar;C:\Users\Sahin Dhane\.m2\repository\com\google\protobuf\protobuf-java\3.21.9\protobuf-java-3.21.9.jar;C:\Users\Sahin Dhane\.m2\repository\javassist\javassist\3.12.1.GA\javassist-3.12.1.GA.jar;C:\Users\Sahin Dhane\.m2\repository\org\slf4j\slf4j-log4j12\1.5.2\slf4j-log4j12-1.5.2.jar;C:\Users\Sahin Dhane\.m2\repository\log4j\log4j\1.2.14\log4j-1.2.14.jar;C:\Users\Sahin Dhane\.m2\repository\org\junit\jupiter\junit-jupiter-api\5.11.0\junit-jupiter-api-5.11.0.jar;C:\Users\Sahin Dhane\.m2\repository\org\opentest4j\opentest4j\1.3.0\opentest4j-1.3.0.jar;C:\Users\Sahin Dhane\.m2\repository\org\junit\platform\junit-platform-commons\1.11.0\junit-platform-commons-1.11.0.jar;C:\Users\Sahin Dhane\.m2\repository\org\apiguardian\apiguardian-api\1.1.2\apiguardian-api-1.1.2.jar;C:\Users\Sahin Dhane\.m2\repository\org\junit\jupiter\junit-jupiter-params\5.11.0\junit-jupiter-params-5.11.0.jar;"/>
    <property name="sun.cpu.endian" value="little"/>
    <property name="user.home" value="C:\Users\Sahin Dhane"/>
    <property name="user.language" value="en"/>
    <property name="java.specification.vendor" value="Oracle Corporation"/>
    <property name="java.version.date" value="2023-07-18"/>
    <property name="java.home" value="D:\2023\JDK17\jdk-17.0.8"/>
    <property name="file.separator" value="\"/>
    <property name="style.color" value="always"/>
    <property name="basedir" value="D:\2025\HF-B03\HF-Codes\ASS-05-HIB-MYSQL-APP"/>
    <property name="java.vm.compressedOopsMode" value="Zero based"/>
    <property name="line.separator" value="&#10;"/>
    <property name="java.vm.specification.vendor" value="Oracle Corporation"/>
    <property name="java.specification.name" value="Java Platform API Specification"/>
    <property name="surefire.real.class.path" value="C:\Users\Sahin Dhane\AppData\Local\Temp\surefire6534860289133148260\surefirebooter-20250813131851261_3.jar"/>
    <property name="user.script" value=""/>
    <property name="sun.management.compiler" value="HotSpot 64-Bit Tiered Compilers"/>
    <property name="java.runtime.version" value="17.0.8+9-LTS-211"/>
    <property name="user.name" value="Sahin Dhane"/>
    <property name="path.separator" value=";"/>
    <property name="os.version" value="10.0"/>
    <property name="java.runtime.name" value="Java(TM) SE Runtime Environment"/>
    <property name="file.encoding" value="Cp1252"/>
    <property name="java.vm.name" value="Java HotSpot(TM) 64-Bit Server VM"/>
    <property name="localRepository" value="C:\Users\Sahin Dhane\.m2\repository"/>
    <property name="java.vendor.url.bug" value="https://bugreport.java.com/bugreport/"/>
    <property name="java.io.tmpdir" value="C:\Users\SAHIND~1\AppData\Local\Temp\"/>
    <property name="java.version" value="17.0.8"/>
    <property name="user.dir" value="D:\2025\HF-B03\HF-Codes\ASS-05-HIB-MYSQL-APP"/>
    <property name="os.arch" value="amd64"/>
    <property name="java.vm.specification.name" value="Java Virtual Machine Specification"/>
    <property name="sun.os.patch.level" value=""/>
    <property name="native.encoding" value="Cp1252"/>
    <property name="java.library.path" value="D:\2023\JDK17\jdk-17.0.8\bin;C:\WINDOWS\Sun\Java\bin;C:\WINDOWS\system32;C:\WINDOWS;D:/2025/HF-B03/Eclipse IDE/eclipse-java-2025-06-R-win32-x86_64/eclipse//plugins/org.eclipse.justj.openjdk.hotspot.jre.full.win32.x86_64_21.0.7.v20250502-0916/jre/bin/server;D:/2025/HF-B03/Eclipse IDE/eclipse-java-2025-06-R-win32-x86_64/eclipse//plugins/org.eclipse.justj.openjdk.hotspot.jre.full.win32.x86_64_21.0.7.v20250502-0916/jre/bin;C:\Oracle18XE\product\18.0.0\dbhomeXE\bin;C:\windows\system32;C:\windows;C:\windows\System32\Wbem;C:\windows\System32\WindowsPowerShell\v1.0\;C:\windows\System32\OpenSSH\;C:\Program Files (x86)\NVIDIA Corporation\PhysX\Common;C:\Program Files\NVIDIA Corporation\NVIDIA NvDLISR;C:\WINDOWS\system32;C:\WINDOWS;C:\WINDOWS\System32\Wbem;C:\WINDOWS\System32\WindowsPowerShell\v1.0\;C:\WINDOWS\System32\OpenSSH\;D:\2025\CJ-B21\JDK21\jdk-21.0.7\bin;C:\Java\jdk-11.0.12\bin;D:\2024\CJ-B19\JDK17\jdk-17.0.11\bin;D:\CJB-18\JDKS\jdk-17.0.10\bin;C:\Java\jdk1.8.0_291\bin;C:\xampp\mysql\bin;C:\MinGW\bin;G:\My Drive\My Sessions\Python\PY-Batch\PY1-Codes\mongo\mongosh-1.5.1-win32-x64\bin;C:\Program Files\dotnet\;C:\Program Files\HP\HP One Agent;C:\Program Files\Git\cmd;C:\WINDOWS\system32;C:\WINDOWS;C:\WINDOWS\System32\Wbem;C:\WINDOWS\System32\WindowsPowerShell\v1.0\;C:\WINDOWS\System32\OpenSSH\;C:\Users\Sahin Dhane\AppData\Local\Programs\Python\Python313\Scripts\;C:\Users\Sahin Dhane\AppData\Local\Programs\Python\Python313\;C:\Python310\;C:\Python312\Scripts\;C:\Python312\;C:\Users\Sahin Dhane\AppData\Local\Programs\Python\Launcher\;C:\Users\Sahin Dhane\AppData\Local\Programs\Python\Python312\Scripts\;C:\Users\Sahin Dhane\AppData\Local\Programs\Python\Python312\;C:\Users\Sahin Dhane\AppData\Local\Programs\Python\Python311\Scripts\;C:\Users\Sahin Dhane\AppData\Local\Programs\Python\Python311\;C:\Program Files\MySQL\MySQL Shell 8.0\bin\;C:\Python310\Scripts\;C:\Users\Sahin Dhane\AppData\Local\Microsoft\WindowsApps;D:\2025\CJ-B21\JDK21\jdk-21.0.7\bin;C:\Java\jdk-11.0.12\bin;D:\2024\CJ-B19\JDK17\jdk-17.0.11\bin;D:\CJB-18\JDKS\jdk-17.0.10\bin;C:\Java\jdk1.8.0_291\bin;C:\xampp\mysql\bin;C:\IntelliJ IDEA 2021.3.1\bin;;C:\Users\Sahin Dhane\AppData\Local\Programs\Microsoft VS Code\bin;C:\JetBrains\IntelliJ IDEA Community Edition 2022.2.1\bin;;C:\Program Files\JetBrains\PyCharm Community Edition 2024.3\bin;;;D:\2025\HF-B03\Eclipse IDE\eclipse-java-2025-06-R-win32-x86_64\eclipse;;."/>
    <property name="java.vm.info" value="mixed mode, sharing"/>
    <property name="java.vendor" value="Oracle Corporation"/>
    <property name="java.vm.version" value="17.0.8+9-LTS-211"/>
    <property name="sun.io.unicode.encoding" value="UnicodeLittle"/>
    <property name="java.class.version" value="61.0"/>
  </properties>
  <testcase name="shouldAnswerWithTrue" classname="com.tca.AppTest" time="0.072"/>
</testsuite>